
*** Running vivado
    with args -log CPU.vds -m64 -product Vivado -mode batch -messageDb vivado.pb -notrace -source CPU.tcl


****** Vivado v2018.2 (64-bit)
  **** SW Build 2258646 on Thu Jun 14 20:03:12 MDT 2018
  **** IP Build 2256618 on Thu Jun 14 22:10:49 MDT 2018
    ** Copyright 1986-2018 Xilinx, Inc. All Rights Reserved.

source CPU.tcl -notrace
Command: synth_design -top CPU -part xc7z020clg400-1
Starting synth_design
Attempting to get a license for feature 'Synthesis' and/or device 'xc7z020'
INFO: [Common 17-349] Got license for feature 'Synthesis' and/or device 'xc7z020'
INFO: Launching helper process for spawning children vivado processes
INFO: Helper process launched with PID 31172 
---------------------------------------------------------------------------------
Starting RTL Elaboration : Time (s): cpu = 00:00:01 ; elapsed = 00:00:01 . Memory (MB): peak = 338.160 ; gain = 99.906
---------------------------------------------------------------------------------
INFO: [Synth 8-6157] synthesizing module 'CPU' [D:/learn/HK242/TKVM_Lab/assignment/TKVM_Assignment/TKVM_Assignment.srcs/sources_1/new/CPU.v:23]
INFO: [Synth 8-6157] synthesizing module 'counterNbits' [D:/learn/HK242/TKVM_Lab/assignment/TKVM_Assignment/TKVM_Assignment.srcs/sources_1/new/counterNbits.v:23]
	Parameter N bound to: 5 - type: integer 
INFO: [Synth 8-6155] done synthesizing module 'counterNbits' (1#1) [D:/learn/HK242/TKVM_Lab/assignment/TKVM_Assignment/TKVM_Assignment.srcs/sources_1/new/counterNbits.v:23]
INFO: [Synth 8-6157] synthesizing module 'muxNbits' [D:/learn/HK242/TKVM_Lab/assignment/TKVM_Assignment/TKVM_Assignment.srcs/sources_1/new/muxNbits.v:23]
	Parameter N bound to: 5 - type: integer 
INFO: [Synth 8-6155] done synthesizing module 'muxNbits' (2#1) [D:/learn/HK242/TKVM_Lab/assignment/TKVM_Assignment/TKVM_Assignment.srcs/sources_1/new/muxNbits.v:23]
INFO: [Synth 8-6157] synthesizing module 'bufferNbits' [D:/learn/HK242/TKVM_Lab/assignment/TKVM_Assignment/TKVM_Assignment.srcs/sources_1/new/bufferNbits.v:23]
	Parameter N bound to: 8 - type: integer 
INFO: [Synth 8-6155] done synthesizing module 'bufferNbits' (3#1) [D:/learn/HK242/TKVM_Lab/assignment/TKVM_Assignment/TKVM_Assignment.srcs/sources_1/new/bufferNbits.v:23]
INFO: [Synth 8-6157] synthesizing module 'memory32x8_bi' [D:/learn/HK242/TKVM_Lab/assignment/TKVM_Assignment/TKVM_Assignment.srcs/sources_1/new/mem32x8_bi.v:22]
INFO: [Synth 8-3876] $readmem data file 'output.mem' is read successfully [D:/learn/HK242/TKVM_Lab/assignment/TKVM_Assignment/TKVM_Assignment.srcs/sources_1/new/mem32x8_bi.v:32]
INFO: [Synth 8-6155] done synthesizing module 'memory32x8_bi' (4#1) [D:/learn/HK242/TKVM_Lab/assignment/TKVM_Assignment/TKVM_Assignment.srcs/sources_1/new/mem32x8_bi.v:22]
INFO: [Synth 8-6157] synthesizing module 'ALU' [D:/learn/HK242/TKVM_Lab/assignment/TKVM_Assignment/TKVM_Assignment.srcs/sources_1/new/ALU.v:23]
	Parameter HLT bound to: 3'b000 
	Parameter SKZ bound to: 3'b001 
	Parameter ADD bound to: 3'b010 
	Parameter AND bound to: 3'b011 
	Parameter XOR bound to: 3'b100 
	Parameter LDA bound to: 3'b101 
	Parameter STO bound to: 3'b110 
	Parameter JMP bound to: 3'b111 
INFO: [Synth 8-226] default block is never used [D:/learn/HK242/TKVM_Lab/assignment/TKVM_Assignment/TKVM_Assignment.srcs/sources_1/new/ALU.v:41]
INFO: [Synth 8-6155] done synthesizing module 'ALU' (5#1) [D:/learn/HK242/TKVM_Lab/assignment/TKVM_Assignment/TKVM_Assignment.srcs/sources_1/new/ALU.v:23]
INFO: [Synth 8-6157] synthesizing module 'registerNbits' [D:/learn/HK242/TKVM_Lab/assignment/TKVM_Assignment/TKVM_Assignment.srcs/sources_1/new/registerNbits.v:23]
	Parameter N bound to: 8 - type: integer 
INFO: [Synth 8-6155] done synthesizing module 'registerNbits' (6#1) [D:/learn/HK242/TKVM_Lab/assignment/TKVM_Assignment/TKVM_Assignment.srcs/sources_1/new/registerNbits.v:23]
INFO: [Synth 8-6157] synthesizing module 'controller' [D:/learn/HK242/TKVM_Lab/assignment/TKVM_Assignment/TKVM_Assignment.srcs/sources_1/new/controller.v:23]
	Parameter INST_ADDR bound to: 3'b000 
	Parameter INST_FETCH bound to: 3'b001 
	Parameter INST_LOAD bound to: 3'b010 
	Parameter IDLE bound to: 3'b011 
	Parameter OP_ADDR bound to: 3'b100 
	Parameter OP_FETCH bound to: 3'b101 
	Parameter ALU_OP bound to: 3'b110 
	Parameter STORE bound to: 3'b111 
	Parameter OP_HLT bound to: 3'b000 
	Parameter OP_SKZ bound to: 3'b001 
	Parameter OP_ADD bound to: 3'b010 
	Parameter OP_AND bound to: 3'b011 
	Parameter OP_XOR bound to: 3'b100 
	Parameter OP_LDA bound to: 3'b101 
	Parameter OP_STO bound to: 3'b110 
	Parameter OP_JMP bound to: 3'b111 
INFO: [Synth 8-226] default block is never used [D:/learn/HK242/TKVM_Lab/assignment/TKVM_Assignment/TKVM_Assignment.srcs/sources_1/new/controller.v:73]
INFO: [Synth 8-6155] done synthesizing module 'controller' (7#1) [D:/learn/HK242/TKVM_Lab/assignment/TKVM_Assignment/TKVM_Assignment.srcs/sources_1/new/controller.v:23]
INFO: [Synth 8-6155] done synthesizing module 'CPU' (8#1) [D:/learn/HK242/TKVM_Lab/assignment/TKVM_Assignment/TKVM_Assignment.srcs/sources_1/new/CPU.v:23]
---------------------------------------------------------------------------------
Finished RTL Elaboration : Time (s): cpu = 00:00:01 ; elapsed = 00:00:02 . Memory (MB): peak = 392.887 ; gain = 154.633
---------------------------------------------------------------------------------

Report Check Netlist: 
+------+------------------+-------+---------+-------+------------------+
|      |Item              |Errors |Warnings |Status |Description       |
+------+------------------+-------+---------+-------+------------------+
|1     |multi_driven_nets |      0|        0|Passed |Multi driven nets |
+------+------------------+-------+---------+-------+------------------+
---------------------------------------------------------------------------------
Start Handling Custom Attributes
---------------------------------------------------------------------------------
---------------------------------------------------------------------------------
Finished Handling Custom Attributes : Time (s): cpu = 00:00:01 ; elapsed = 00:00:02 . Memory (MB): peak = 392.887 ; gain = 154.633
---------------------------------------------------------------------------------
---------------------------------------------------------------------------------
Finished RTL Optimization Phase 1 : Time (s): cpu = 00:00:01 ; elapsed = 00:00:02 . Memory (MB): peak = 392.887 ; gain = 154.633
---------------------------------------------------------------------------------
INFO: [Device 21-403] Loading part xc7z020clg400-1
INFO: [Project 1-570] Preparing netlist for logic optimization

Processing XDC Constraints
Initializing timing engine
Parsing XDC File [D:/learn/HK242/TKVM_Lab/assignment/Arty-Z7-20-Master.xdc]
Finished Parsing XDC File [D:/learn/HK242/TKVM_Lab/assignment/Arty-Z7-20-Master.xdc]
Completed Processing XDC Constraints

INFO: [Project 1-111] Unisim Transformation Summary:
No Unisim elements were transformed.

WARNING: [Constraints 18-5210] No constraint will be written out.
Constraint Validation Runtime : Time (s): cpu = 00:00:00 ; elapsed = 00:00:00.022 . Memory (MB): peak = 739.227 ; gain = 1.082
---------------------------------------------------------------------------------
Finished Constraint Validation : Time (s): cpu = 00:00:03 ; elapsed = 00:00:09 . Memory (MB): peak = 739.227 ; gain = 500.973
---------------------------------------------------------------------------------
---------------------------------------------------------------------------------
Start Loading Part and Timing Information
---------------------------------------------------------------------------------
Loading part: xc7z020clg400-1
---------------------------------------------------------------------------------
Finished Loading Part and Timing Information : Time (s): cpu = 00:00:03 ; elapsed = 00:00:09 . Memory (MB): peak = 739.227 ; gain = 500.973
---------------------------------------------------------------------------------
---------------------------------------------------------------------------------
Start Applying 'set_property' XDC Constraints
---------------------------------------------------------------------------------
---------------------------------------------------------------------------------
Finished applying 'set_property' XDC Constraints : Time (s): cpu = 00:00:03 ; elapsed = 00:00:09 . Memory (MB): peak = 739.227 ; gain = 500.973
---------------------------------------------------------------------------------
INFO: [Synth 8-5546] ROM "is_zero0" won't be mapped to RAM because it is too sparse
INFO: [Synth 8-802] inferred FSM for state register 'current_state_reg' in module 'controller'
INFO: [Synth 8-5544] ROM "halt0" won't be mapped to Block RAM because address size (3) smaller than threshold (5)
INFO: [Synth 8-5544] ROM "ld_pc0" won't be mapped to Block RAM because address size (3) smaller than threshold (5)
INFO: [Synth 8-5544] ROM "wr0" won't be mapped to Block RAM because address size (3) smaller than threshold (5)
INFO: [Synth 8-5544] ROM "ld_ir" won't be mapped to Block RAM because address size (3) smaller than threshold (5)
INFO: [Synth 8-5544] ROM "sel" won't be mapped to Block RAM because address size (3) smaller than threshold (5)
INFO: [Synth 8-5544] ROM "next_state" won't be mapped to Block RAM because address size (3) smaller than threshold (5)
---------------------------------------------------------------------------------------------------
                   State |                     New Encoding |                Previous Encoding 
---------------------------------------------------------------------------------------------------
               INST_ADDR |                              000 |                              000
              INST_FETCH |                              001 |                              001
               INST_LOAD |                              010 |                              010
                    IDLE |                              011 |                              011
                 OP_ADDR |                              100 |                              100
                OP_FETCH |                              101 |                              101
                  ALU_OP |                              110 |                              110
                   STORE |                              111 |                              111
---------------------------------------------------------------------------------------------------
INFO: [Synth 8-3354] encoded FSM with state register 'current_state_reg' using encoding 'sequential' in module 'controller'
---------------------------------------------------------------------------------
Finished RTL Optimization Phase 2 : Time (s): cpu = 00:00:03 ; elapsed = 00:00:09 . Memory (MB): peak = 739.227 ; gain = 500.973
---------------------------------------------------------------------------------

Report RTL Partitions: 
+-+--------------+------------+----------+
| |RTL Partition |Replication |Instances |
+-+--------------+------------+----------+
+-+--------------+------------+----------+
---------------------------------------------------------------------------------
Start RTL Component Statistics 
---------------------------------------------------------------------------------
Detailed RTL Component Info : 
+---Adders : 
	   2 Input      8 Bit       Adders := 1     
	   2 Input      5 Bit       Adders := 1     
+---XORs : 
	   2 Input      8 Bit         XORs := 1     
+---Registers : 
	                8 Bit    Registers := 3     
	                5 Bit    Registers := 1     
+---RAMs : 
	              256 Bit         RAMs := 1     
+---Muxes : 
	   2 Input      5 Bit        Muxes := 2     
	   8 Input      3 Bit        Muxes := 1     
	   2 Input      2 Bit        Muxes := 3     
	   2 Input      1 Bit        Muxes := 2     
	   8 Input      1 Bit        Muxes := 9     
---------------------------------------------------------------------------------
Finished RTL Component Statistics 
---------------------------------------------------------------------------------
---------------------------------------------------------------------------------
Start RTL Hierarchical Component Statistics 
---------------------------------------------------------------------------------
Hierarchical RTL Component report 
Module counterNbits 
Detailed RTL Component Info : 
+---Adders : 
	   2 Input      5 Bit       Adders := 1     
+---Registers : 
	                5 Bit    Registers := 1     
+---Muxes : 
	   2 Input      5 Bit        Muxes := 1     
	   2 Input      1 Bit        Muxes := 1     
Module muxNbits 
Detailed RTL Component Info : 
+---Muxes : 
	   2 Input      5 Bit        Muxes := 1     
Module memory32x8_bi 
Detailed RTL Component Info : 
+---Registers : 
	                8 Bit    Registers := 1     
+---RAMs : 
	              256 Bit         RAMs := 1     
Module ALU 
Detailed RTL Component Info : 
+---Adders : 
	   2 Input      8 Bit       Adders := 1     
+---XORs : 
	   2 Input      8 Bit         XORs := 1     
+---Muxes : 
	   2 Input      1 Bit        Muxes := 1     
Module registerNbits 
Detailed RTL Component Info : 
+---Registers : 
	                8 Bit    Registers := 1     
Module controller 
Detailed RTL Component Info : 
+---Muxes : 
	   8 Input      3 Bit        Muxes := 1     
	   2 Input      2 Bit        Muxes := 3     
	   8 Input      1 Bit        Muxes := 9     
---------------------------------------------------------------------------------
Finished RTL Hierarchical Component Statistics
---------------------------------------------------------------------------------
---------------------------------------------------------------------------------
Start Part Resource Summary
---------------------------------------------------------------------------------
Part Resources:
DSPs: 220 (col length:60)
BRAMs: 280 (col length: RAMB18 60 RAMB36 30)
---------------------------------------------------------------------------------
Finished Part Resource Summary
---------------------------------------------------------------------------------
---------------------------------------------------------------------------------
Start Cross Boundary and Area Optimization
---------------------------------------------------------------------------------
Warning: Parallel synthesis criteria is not met 
INFO: [Synth 8-5546] ROM "alu/is_zero0" won't be mapped to RAM because it is too sparse
---------------------------------------------------------------------------------
Finished Cross Boundary and Area Optimization : Time (s): cpu = 00:00:04 ; elapsed = 00:00:10 . Memory (MB): peak = 739.227 ; gain = 500.973
---------------------------------------------------------------------------------
---------------------------------------------------------------------------------
Start ROM, RAM, DSP and Shift Register Reporting
---------------------------------------------------------------------------------

Distributed RAM: Preliminary Mapping  Report (see note below)
+------------+----------------+-----------+----------------------+----------------+
|Module Name | RTL Object     | Inference | Size (Depth x Width) | Primitives     | 
+------------+----------------+-----------+----------------------+----------------+
|CPU         | mem/memory_reg | Implied   | 32 x 8               | RAM32X1S x 8   | 
+------------+----------------+-----------+----------------------+----------------+

Note: The table above is a preliminary report that shows the Distributed RAMs at the current stage of the synthesis flow. Some Distributed RAMs may be reimplemented as non Distributed RAM primitives later in the synthesis flow. Multiple instantiated RAMs are reported only once.
---------------------------------------------------------------------------------
Finished ROM, RAM, DSP and Shift Register Reporting
---------------------------------------------------------------------------------

Report RTL Partitions: 
+-+--------------+------------+----------+
| |RTL Partition |Replication |Instances |
+-+--------------+------------+----------+
+-+--------------+------------+----------+
---------------------------------------------------------------------------------
Start Applying XDC Timing Constraints
---------------------------------------------------------------------------------
---------------------------------------------------------------------------------
Finished Applying XDC Timing Constraints : Time (s): cpu = 00:00:05 ; elapsed = 00:00:16 . Memory (MB): peak = 747.996 ; gain = 509.742
---------------------------------------------------------------------------------
---------------------------------------------------------------------------------
Start Timing Optimization
---------------------------------------------------------------------------------
---------------------------------------------------------------------------------
Finished Timing Optimization : Time (s): cpu = 00:00:05 ; elapsed = 00:00:16 . Memory (MB): peak = 748.070 ; gain = 509.816
---------------------------------------------------------------------------------
---------------------------------------------------------------------------------
Start ROM, RAM, DSP and Shift Register Reporting
---------------------------------------------------------------------------------

Distributed RAM: Final Mapping  Report
+------------+----------------+-----------+----------------------+----------------+
|Module Name | RTL Object     | Inference | Size (Depth x Width) | Primitives     | 
+------------+----------------+-----------+----------------------+----------------+
|CPU         | mem/memory_reg | Implied   | 32 x 8               | RAM32X1S x 8   | 
+------------+----------------+-----------+----------------------+----------------+

---------------------------------------------------------------------------------
Finished ROM, RAM, DSP and Shift Register Reporting
---------------------------------------------------------------------------------

Report RTL Partitions: 
+-+--------------+------------+----------+
| |RTL Partition |Replication |Instances |
+-+--------------+------------+----------+
+-+--------------+------------+----------+
---------------------------------------------------------------------------------
Start Technology Mapping
---------------------------------------------------------------------------------
---------------------------------------------------------------------------------
Finished Technology Mapping : Time (s): cpu = 00:00:05 ; elapsed = 00:00:16 . Memory (MB): peak = 767.719 ; gain = 529.465
---------------------------------------------------------------------------------

Report RTL Partitions: 
+-+--------------+------------+----------+
| |RTL Partition |Replication |Instances |
+-+--------------+------------+----------+
+-+--------------+------------+----------+
---------------------------------------------------------------------------------
Start IO Insertion
---------------------------------------------------------------------------------
---------------------------------------------------------------------------------
Start Flattening Before IO Insertion
---------------------------------------------------------------------------------
---------------------------------------------------------------------------------
Finished Flattening Before IO Insertion
---------------------------------------------------------------------------------
---------------------------------------------------------------------------------
Start Final Netlist Cleanup
---------------------------------------------------------------------------------
---------------------------------------------------------------------------------
Finished Final Netlist Cleanup
---------------------------------------------------------------------------------
---------------------------------------------------------------------------------
Finished IO Insertion : Time (s): cpu = 00:00:05 ; elapsed = 00:00:16 . Memory (MB): peak = 767.719 ; gain = 529.465
---------------------------------------------------------------------------------

Report Check Netlist: 
+------+------------------+-------+---------+-------+------------------+
|      |Item              |Errors |Warnings |Status |Description       |
+------+------------------+-------+---------+-------+------------------+
|1     |multi_driven_nets |      0|        0|Passed |Multi driven nets |
+------+------------------+-------+---------+-------+------------------+
---------------------------------------------------------------------------------
Start Renaming Generated Instances
---------------------------------------------------------------------------------
---------------------------------------------------------------------------------
Finished Renaming Generated Instances : Time (s): cpu = 00:00:05 ; elapsed = 00:00:16 . Memory (MB): peak = 767.719 ; gain = 529.465
---------------------------------------------------------------------------------

Report RTL Partitions: 
+-+--------------+------------+----------+
| |RTL Partition |Replication |Instances |
+-+--------------+------------+----------+
+-+--------------+------------+----------+
---------------------------------------------------------------------------------
Start Rebuilding User Hierarchy
---------------------------------------------------------------------------------
---------------------------------------------------------------------------------
Finished Rebuilding User Hierarchy : Time (s): cpu = 00:00:05 ; elapsed = 00:00:16 . Memory (MB): peak = 767.719 ; gain = 529.465
---------------------------------------------------------------------------------
---------------------------------------------------------------------------------
Start Renaming Generated Ports
---------------------------------------------------------------------------------
---------------------------------------------------------------------------------
Finished Renaming Generated Ports : Time (s): cpu = 00:00:05 ; elapsed = 00:00:16 . Memory (MB): peak = 767.719 ; gain = 529.465
---------------------------------------------------------------------------------
---------------------------------------------------------------------------------
Start Handling Custom Attributes
---------------------------------------------------------------------------------
---------------------------------------------------------------------------------
Finished Handling Custom Attributes : Time (s): cpu = 00:00:05 ; elapsed = 00:00:16 . Memory (MB): peak = 767.719 ; gain = 529.465
---------------------------------------------------------------------------------
---------------------------------------------------------------------------------
Start Renaming Generated Nets
---------------------------------------------------------------------------------
---------------------------------------------------------------------------------
Finished Renaming Generated Nets : Time (s): cpu = 00:00:05 ; elapsed = 00:00:16 . Memory (MB): peak = 767.719 ; gain = 529.465
---------------------------------------------------------------------------------
---------------------------------------------------------------------------------
Start Writing Synthesis Report
---------------------------------------------------------------------------------

Report BlackBoxes: 
+-+--------------+----------+
| |BlackBox name |Instances |
+-+--------------+----------+
+-+--------------+----------+

Report Cell Usage: 
+------+---------+------+
|      |Cell     |Count |
+------+---------+------+
|1     |BUFG     |     1|
|2     |CARRY4   |     2|
|3     |LUT1     |     1|
|4     |LUT2     |    28|
|5     |LUT3     |     7|
|6     |LUT4     |    10|
|7     |LUT5     |     3|
|8     |LUT6     |    16|
|9     |RAM32X1S |     8|
|10    |FDCE     |     8|
|11    |FDRE     |    24|
|12    |IBUF     |     2|
|13    |OBUF     |    22|
+------+---------+------+

Report Instance Areas: 
+------+---------+----------------+------+
|      |Instance |Module          |Cells |
+------+---------+----------------+------+
|1     |top      |                |   132|
|2     |  ac     |registerNbits   |    18|
|3     |  alu    |ALU             |     2|
|4     |  ctrl   |controller      |    19|
|5     |  ir     |registerNbits_0 |    26|
|6     |  mem    |memory32x8_bi   |    32|
|7     |  pc     |counterNbits    |    10|
+------+---------+----------------+------+
---------------------------------------------------------------------------------
Finished Writing Synthesis Report : Time (s): cpu = 00:00:05 ; elapsed = 00:00:16 . Memory (MB): peak = 767.719 ; gain = 529.465
---------------------------------------------------------------------------------
Synthesis finished with 0 errors, 0 critical warnings and 0 warnings.
Synthesis Optimization Runtime : Time (s): cpu = 00:00:03 ; elapsed = 00:00:10 . Memory (MB): peak = 767.719 ; gain = 183.125
Synthesis Optimization Complete : Time (s): cpu = 00:00:06 ; elapsed = 00:00:16 . Memory (MB): peak = 767.719 ; gain = 529.465
INFO: [Project 1-571] Translating synthesized netlist
INFO: [Netlist 29-17] Analyzing 12 Unisim elements for replacement
INFO: [Netlist 29-28] Unisim Transformation completed in 0 CPU seconds
INFO: [Project 1-570] Preparing netlist for logic optimization
INFO: [Opt 31-138] Pushed 0 inverter(s) to 0 load pin(s).
INFO: [Project 1-111] Unisim Transformation Summary:
  A total of 8 instances were transformed.
  RAM32X1S => RAM32X1S (RAMS32): 8 instances

INFO: [Common 17-83] Releasing license: Synthesis
40 Infos, 1 Warnings, 0 Critical Warnings and 0 Errors encountered.
synth_design completed successfully
synth_design: Time (s): cpu = 00:00:06 ; elapsed = 00:00:18 . Memory (MB): peak = 768.258 ; gain = 543.273
WARNING: [Constraints 18-5210] No constraint will be written out.
INFO: [Common 17-1381] The checkpoint 'D:/learn/HK242/TKVM_Lab/assignment/TKVM_Assignment/TKVM_Assignment.runs/synth_1/CPU.dcp' has been generated.
INFO: [runtcl-4] Executing : report_utilization -file CPU_utilization_synth.rpt -pb CPU_utilization_synth.pb
report_utilization: Time (s): cpu = 00:00:00 ; elapsed = 00:00:00.014 . Memory (MB): peak = 768.258 ; gain = 0.000
INFO: [Common 17-206] Exiting Vivado at Wed Apr 23 08:45:00 2025...
